Determining if the pthread_create exist failed with the following output:
Change Dir: /home/pavangopalrayapati/pkg1/pkg2/CMakeFiles/CMakeTmp

Run Build Command:/usr/bin/make "cmTryCompileExec3161712024/fast"
/usr/bin/make -f CMakeFiles/cmTryCompileExec3161712024.dir/build.make CMakeFiles/cmTryCompileExec3161712024.dir/build
make[1]: Entering directory `/home/pavangopalrayapati/pkg1/pkg2/CMakeFiles/CMakeTmp'
/usr/bin/cmake -E cmake_progress_report /home/pavangopalrayapati/pkg1/pkg2/CMakeFiles/CMakeTmp/CMakeFiles 1
Building C object CMakeFiles/cmTryCompileExec3161712024.dir/CheckSymbolExists.c.o
/usr/bin/cc    -o CMakeFiles/cmTryCompileExec3161712024.dir/CheckSymbolExists.c.o   -c /home/pavangopalrayapati/pkg1/pkg2/CMakeFiles/CMakeTmp/CheckSymbolExists.c
Linking C executable cmTryCompileExec3161712024
/usr/bin/cmake -E cmake_link_script CMakeFiles/cmTryCompileExec3161712024.dir/link.txt --verbose=1
/usr/bin/cc       CMakeFiles/cmTryCompileExec3161712024.dir/CheckSymbolExists.c.o  -o cmTryCompileExec3161712024 -rdynamic 
CMakeFiles/cmTryCompileExec3161712024.dir/CheckSymbolExists.c.o: In function `main':
CheckSymbolExists.c:(.text+0x16): undefined reference to `pthread_create'
collect2: error: ld returned 1 exit status
make[1]: *** [cmTryCompileExec3161712024] Error 1
make[1]: Leaving directory `/home/pavangopalrayapati/pkg1/pkg2/CMakeFiles/CMakeTmp'
make: *** [cmTryCompileExec3161712024/fast] Error 2

File /home/pavangopalrayapati/pkg1/pkg2/CMakeFiles/CMakeTmp/CheckSymbolExists.c:
/* */
#include <pthread.h>

int main(int argc, char** argv)
{
  (void)argv;
#ifndef pthread_create
  return ((int*)(&pthread_create))[argc];
#else
  (void)argc;
  return 0;
#endif
}

Determining if the function pthread_create exists in the pthreads failed with the following output:
Change Dir: /home/pavangopalrayapati/pkg1/pkg2/CMakeFiles/CMakeTmp

Run Build Command:/usr/bin/make "cmTryCompileExec809544069/fast"
/usr/bin/make -f CMakeFiles/cmTryCompileExec809544069.dir/build.make CMakeFiles/cmTryCompileExec809544069.dir/build
make[1]: Entering directory `/home/pavangopalrayapati/pkg1/pkg2/CMakeFiles/CMakeTmp'
/usr/bin/cmake -E cmake_progress_report /home/pavangopalrayapati/pkg1/pkg2/CMakeFiles/CMakeTmp/CMakeFiles 1
Building C object CMakeFiles/cmTryCompileExec809544069.dir/CheckFunctionExists.c.o
/usr/bin/cc   -DCHECK_FUNCTION_EXISTS=pthread_create   -o CMakeFiles/cmTryCompileExec809544069.dir/CheckFunctionExists.c.o   -c /usr/share/cmake-2.8/Modules/CheckFunctionExists.c
Linking C executable cmTryCompileExec809544069
/usr/bin/cmake -E cmake_link_script CMakeFiles/cmTryCompileExec809544069.dir/link.txt --verbose=1
/usr/bin/cc   -DCHECK_FUNCTION_EXISTS=pthread_create    CMakeFiles/cmTryCompileExec809544069.dir/CheckFunctionExists.c.o  -o cmTryCompileExec809544069 -rdynamic -lpthreads 
/usr/bin/ld: cannot find -lpthreads
collect2: error: ld returned 1 exit status
make[1]: *** [cmTryCompileExec809544069] Error 1
make[1]: Leaving directory `/home/pavangopalrayapati/pkg1/pkg2/CMakeFiles/CMakeTmp'
make: *** [cmTryCompileExec809544069/fast] Error 2


